<?xml version="1.0" encoding="UTF-8"?>
<testng-results ignored="0" total="0" passed="0" failed="0" skipped="0">
  <reporter-output>
  </reporter-output>
  <suite started-at="2021-03-05T14:26:29 IST" name="TestNG Test" finished-at="2021-03-05T14:26:29 IST" duration-ms="11">
    <groups>
    </groups>
    <test started-at="2021-03-05T14:26:29 IST" name="Revision" finished-at="2021-03-05T14:26:29 IST" duration-ms="11">
    </test> <!-- Revision -->
  </suite> <!-- TestNG Test -->
</testng-results>
